<?xml version="1.0" encoding="UTF-8"?>
<!-- Generated by org.testng.reporters.JUnitReportReporter -->
<testsuite hostname="XAV-502000020" failures="0" tests="2" name="com.api.booker.JsonFilter" time="0.969" errors="0" timestamp="2022-08-06T21:57:54 IST" skipped="1">
  <testcase classname="com.api.booker.JsonFilter" name="filterJson2" time="0.969"/>
  <system-out/>
  <testcase classname="com.api.booker.JsonFilter" name="filterJson1">
    <skipped/>
  </testcase> <!-- filterJson1 -->
  <system-out/>
</testsuite> <!-- com.api.booker.JsonFilter -->
