<?xml version="1.0" encoding="UTF-8"?>
<!-- Generated by org.testng.reporters.JUnitReportReporter -->
<testsuite hostname="XAV-502000020" failures="0" tests="1" name="com.api.booker.ResponseTime" time="2.581" errors="0" timestamp="2022-08-03T17:39:24 IST" skipped="0">
  <testcase classname="com.api.booker.ResponseTime" name="validateResponseTime" time="2.581"/>
  <system-out/>
</testsuite> <!-- com.api.booker.ResponseTime -->
