<?xml version="1.0" encoding="UTF-8"?>
<!-- Generated by org.testng.reporters.JUnitReportReporter -->
<testsuite hostname="XAV-502000020" failures="0" tests="2" name="com.api.datasharing.DataSharingInSameClass" time="4.410" errors="0" timestamp="2022-08-25T12:24:40 IST" skipped="0">
  <testcase classname="com.api.datasharing.DataSharingInSameClass" name="createBooking" time="3.104"/>
  <system-out/>
  <testcase classname="com.api.datasharing.DataSharingInSameClass" name="getBooking" time="1.306"/>
  <system-out/>
</testsuite> <!-- com.api.datasharing.DataSharingInSameClass -->
