<?xml version="1.0" encoding="UTF-8"?>
<!-- Generated by org.testng.reporters.JUnitReportReporter -->
<testsuite hostname="XAV-502000020" failures="0" tests="2" name="com.api.booker.RequestResponseSpec" time="4.450" errors="0" timestamp="2022-08-03T14:44:35 IST" skipped="0">
  <testcase classname="com.api.booker.RequestResponseSpec" name="createBooking" time="3.157"/>
  <system-out/>
  <testcase classname="com.api.booker.RequestResponseSpec" name="getBooking" time="1.293"/>
  <system-out/>
</testsuite> <!-- com.api.booker.RequestResponseSpec -->
