<?xml version="1.0" encoding="UTF-8"?>
<!-- Generated by org.testng.reporters.JUnitReportReporter -->
<testsuite hostname="XAV-502000020" failures="0" tests="1" name="com.api.booker.Matchers2" time="1.999" errors="0" timestamp="2022-08-23T07:19:53 IST" skipped="0">
  <testcase classname="com.api.booker.Matchers2" name="ageMatchers" time="1.999"/>
  <system-out/>
</testsuite> <!-- com.api.booker.Matchers2 -->
