<?xml version="1.0" encoding="UTF-8"?>
<!-- Generated by org.testng.reporters.JUnitReportReporter -->
<testsuite hostname="XAV-502000020" failures="0" tests="1" name="com.api.mocker.ResponseMocker" time="2.248" errors="0" timestamp="2022-08-24T07:42:01 IST" skipped="0">
  <testcase classname="com.api.mocker.ResponseMocker" name="mockResponse" time="2.248"/>
  <system-out/>
</testsuite> <!-- com.api.mocker.ResponseMocker -->
