<?xml version="1.0" encoding="UTF-8"?>
<!-- Generated by org.testng.reporters.JUnitReportReporter -->
<testsuite hostname="XAV-502000020" failures="0" tests="2" name="com.api.booker.RequestSpec" time="3.434" errors="0" timestamp="2022-08-03T11:53:43 IST" skipped="0">
  <testcase classname="com.api.booker.RequestSpec" name="createBooking" time="2.129"/>
  <system-out/>
  <testcase classname="com.api.booker.RequestSpec" name="getBooking" time="1.305"/>
  <system-out/>
</testsuite> <!-- com.api.booker.RequestSpec -->
