<?xml version="1.0" encoding="UTF-8"?>
<!-- Generated by org.testng.reporters.JUnitReportReporter -->
<testsuite hostname="XAV-502000020" failures="0" tests="2" name="com.api.datasharing.DataSharingUsingMap" time="4.295" errors="0" timestamp="2022-08-25T19:45:00 IST" skipped="0">
  <testcase classname="com.api.datasharing.DataSharingUsingMap" name="createBooking" time="2.998"/>
  <system-out/>
  <testcase classname="com.api.datasharing.DataSharingUsingMap" name="getBooking" time="1.297"/>
  <system-out/>
</testsuite> <!-- com.api.datasharing.DataSharingUsingMap -->
