<?xml version="1.0" encoding="UTF-8"?>
<!-- Generated by org.testng.reporters.JUnitReportReporter -->
<testsuite hostname="XAV-502000020" failures="0" tests="3" name="com.api.booker.Matchers1" time="6.919" errors="0" timestamp="2022-08-07T03:08:23 IST" skipped="2">
  <testcase classname="com.api.booker.Matchers1" name="matchers3" time="6.919"/>
  <system-out/>
  <testcase classname="com.api.booker.Matchers1" name="matchers2">
    <skipped/>
  </testcase> <!-- matchers2 -->
  <system-out/>
  <testcase classname="com.api.booker.Matchers1" name="matchers1">
    <skipped/>
  </testcase> <!-- matchers1 -->
  <system-out/>
</testsuite> <!-- com.api.booker.Matchers1 -->
