<?xml version="1.0" encoding="UTF-8"?>
<!-- Generated by org.testng.reporters.JUnitReportReporter -->
<testsuite hostname="XAV-502000020" failures="0" tests="2" name="com.api.testcontext.DataSharingUsingTestContext2" time="2.507" errors="0" timestamp="2022-08-26T13:42:27 IST" skipped="0">
  <testcase classname="com.api.testcontext.DataSharingUsingTestContext2" name="getBooking" time="1.214"/>
  <system-out/>
  <testcase classname="com.api.testcontext.DataSharingUsingTestContext2" name="getBooking" time="1.293"/>
  <system-out/>
</testsuite> <!-- com.api.testcontext.DataSharingUsingTestContext2 -->
