<?xml version="1.0" encoding="UTF-8"?>
<!-- Generated by org.testng.reporters.JUnitReportReporter -->
<testsuite hostname="XAV-502000020" failures="0" tests="2" name="com.api.testcontext.DataSharingUsingSuite_2" time="2.440" errors="0" timestamp="2022-08-26T15:20:24 IST" skipped="0">
  <testcase classname="com.api.testcontext.DataSharingUsingSuite_2" name="getBooking" time="1.208"/>
  <system-out/>
  <testcase classname="com.api.testcontext.DataSharingUsingSuite_2" name="getBooking" time="1.232"/>
  <system-out/>
</testsuite> <!-- com.api.testcontext.DataSharingUsingSuite_2 -->
