<?xml version="1.0" encoding="UTF-8"?>
<!-- Generated by org.testng.reporters.JUnitReportReporter -->
<testsuite hostname="XAV-502000020" failures="0" tests="1" name="com.api.booker.Arandom" time="0.003" errors="0" timestamp="2022-08-04T01:32:51 IST" skipped="0">
  <testcase classname="com.api.booker.Arandom" name="test" time="0.003"/>
  <system-out/>
</testsuite> <!-- com.api.booker.Arandom -->
