<?xml version="1.0" encoding="UTF-8"?>
<!-- Generated by org.testng.reporters.JUnitReportReporter -->
<testsuite hostname="XAV-502000020" failures="0" tests="1" name="com.api.testcontext.DataSharingUsingSuite_1" time="3.130" errors="0" timestamp="2022-08-26T15:20:24 IST" skipped="0">
  <testcase classname="com.api.testcontext.DataSharingUsingSuite_1" name="createBooking" time="3.130"/>
  <system-out/>
</testsuite> <!-- com.api.testcontext.DataSharingUsingSuite_1 -->
