<?xml version="1.0" encoding="UTF-8"?>
<!-- Generated by org.testng.reporters.JUnitReportReporter -->
<testsuite hostname="XAV-502000020" failures="0" tests="2" name="com.api.booker.StaticVariables" time="3.586" errors="0" timestamp="2022-08-04T19:05:12 IST" skipped="0">
  <testcase classname="com.api.booker.StaticVariables" name="createToken" time="2.341"/>
  <system-out/>
  <testcase classname="com.api.booker.StaticVariables" name="getBooking" time="1.245"/>
  <system-out/>
</testsuite> <!-- com.api.booker.StaticVariables -->
