<?xml version="1.0" encoding="UTF-8"?>
<!-- Generated by org.testng.reporters.JUnitReportReporter -->
<testsuite hostname="XAV-502000020" failures="0" tests="1" name="com.api.deserialization.ConvertJsonResponseToMap" time="2.200" errors="0" timestamp="2022-08-24T10:56:15 IST" skipped="0">
  <testcase classname="com.api.deserialization.ConvertJsonResponseToMap" name="JsontoMap" time="2.200"/>
  <system-out/>
</testsuite> <!-- com.api.deserialization.ConvertJsonResponseToMap -->
