<?xml version="1.0" encoding="UTF-8"?>
<!-- Generated by org.testng.reporters.JUnitReportReporter -->
<testsuite hostname="XAV-502000020" failures="0" tests="1" name="com.api.deserialization.ConvertJsonResponseToList" time="3.258" errors="0" timestamp="2022-08-24T21:27:10 IST" skipped="0">
  <testcase classname="com.api.deserialization.ConvertJsonResponseToList" name="jsonResponseToList" time="3.258"/>
  <system-out/>
</testsuite> <!-- com.api.deserialization.ConvertJsonResponseToList -->
