<?xml version="1.0" encoding="UTF-8"?>
<!-- Generated by org.testng.reporters.JUnitReportReporter -->
<testsuite hostname="XAV-502000020" failures="0" tests="2" name="com.api.datasharing.ThreadSafeDataSharing1" time="4.607" errors="0" timestamp="2022-08-26T07:55:03 IST" skipped="0">
  <testcase classname="com.api.datasharing.ThreadSafeDataSharing1" name="createBooking" time="3.382"/>
  <system-out/>
  <testcase classname="com.api.datasharing.ThreadSafeDataSharing1" name="getBooking" time="1.225"/>
  <system-out/>
</testsuite> <!-- com.api.datasharing.ThreadSafeDataSharing1 -->
