<?xml version="1.0" encoding="UTF-8"?>
<!-- Generated by org.testng.reporters.JUnitReportReporter -->
<testsuite hostname="XAV-502000020" failures="0" tests="1" name="com.api.deserialization.ConvertJsonResponseDynamically" time="2.356" errors="0" timestamp="2022-08-30T17:09:33 IST" skipped="0">
  <testcase classname="com.api.deserialization.ConvertJsonResponseDynamically" name="dynamicConversion" time="2.356"/>
  <system-out/>
</testsuite> <!-- com.api.deserialization.ConvertJsonResponseDynamically -->
