<?xml version="1.0" encoding="UTF-8"?>
<!-- Generated by org.testng.reporters.JUnitReportReporter -->
<testsuite hostname="XAV-502000020" failures="0" tests="4" name="com.api.datasharing.UsingBookingIDFromAnotherClass" time="5.086" errors="0" timestamp="2022-08-25T19:45:00 IST" skipped="0">
  <testcase classname="com.api.datasharing.UsingBookingIDFromAnotherClass" name="updateBooking" time="1.266"/>
  <system-out/>
  <testcase classname="com.api.datasharing.UsingBookingIDFromAnotherClass" name="updateBooking" time="1.322"/>
  <system-out/>
  <testcase classname="com.api.datasharing.UsingBookingIDFromAnotherClass" name="getBooking" time="1.268"/>
  <system-out/>
  <testcase classname="com.api.datasharing.UsingBookingIDFromAnotherClass" name="getBooking" time="1.230"/>
  <system-out/>
</testsuite> <!-- com.api.datasharing.UsingBookingIDFromAnotherClass -->
