<?xml version="1.0" encoding="UTF-8"?>
<!-- Generated by org.testng.reporters.JUnitReportReporter -->
<testsuite hostname="XAV-502000020" failures="0" tests="1" name="com.api.booker.JsonPath3" time="1.030" errors="0" timestamp="2022-08-22T07:45:38 IST" skipped="0">
  <testcase classname="com.api.booker.JsonPath3" name="jsonPath" time="1.030"/>
  <system-out/>
</testsuite> <!-- com.api.booker.JsonPath3 -->
