<?xml version="1.0" encoding="UTF-8"?>
<!-- Generated by org.testng.reporters.JUnitReportReporter -->
<testsuite hostname="XAV-502000020" failures="0" tests="3" name="com.api.booker.JsonPath2" time="0.887" errors="0" timestamp="2022-08-22T07:34:16 IST" skipped="2">
  <testcase classname="com.api.booker.JsonPath2" name="readJsonPath3" time="0.887"/>
  <system-out/>
  <testcase classname="com.api.booker.JsonPath2" name="readJsonPath2">
    <skipped/>
  </testcase> <!-- readJsonPath2 -->
  <system-out/>
  <testcase classname="com.api.booker.JsonPath2" name="readJsonPath">
    <skipped/>
  </testcase> <!-- readJsonPath -->
  <system-out/>
</testsuite> <!-- com.api.booker.JsonPath2 -->
